# JRE version: OpenJDK Runtime Environment (8.0_333-b02) (build 1.8.0_333-b02)
# Java VM: OpenJDK 64-Bit Server VM (25.333-b02 mixed mode bsd-aarch64 compressed oops)
Heap:
 PSYoungGen      total 153088K, used 5263K [0x0000000715580000, 0x0000000720000000, 0x00000007c0000000)
  eden space 131584K, 4% used [0x0000000715580000,0x0000000715aa3dc0,0x000000071d600000)
  from space 21504K, 0% used [0x000000071d600000,0x000000071d600000,0x000000071eb00000)
  to   space 21504K, 0% used [0x000000071eb00000,0x000000071eb00000,0x0000000720000000)
 ParOldGen       total 349696K, used 883K [0x00000005c0000000, 0x00000005d5580000, 0x0000000715580000)
  object space 349696K, 0% used [0x00000005c0000000,0x00000005c00dcf30,0x00000005d5580000)
 Metaspace       used 4943K, capacity 5084K, committed 5248K, reserved 1056768K
  class space    used 560K, capacity 638K, committed 640K, reserved 1048576K
GC Heap History (4 events):
Event: 0.098 GC heap before
{Heap before GC invocations=1 (full 0):
 PSYoungGen      total 153088K, used 7895K [0x0000000715580000, 0x0000000720000000, 0x00000007c0000000)
  eden space 131584K, 6% used [0x0000000715580000,0x0000000715d35d08,0x000000071d600000)
  from space 21504K, 0% used [0x000000071eb00000,0x000000071eb00000,0x0000000720000000)
  to   space 21504K, 0% used [0x000000071d600000,0x000000071d600000,0x000000071eb00000)
 ParOldGen       total 349696K, used 0K [0x00000005c0000000, 0x00000005d5580000, 0x0000000715580000)
  object space 349696K, 0% used [0x00000005c0000000,0x00000005c0000000,0x00000005d5580000)
 Metaspace       used 4869K, capacity 5020K, committed 5248K, reserved 1056768K
  class space    used 558K, capacity 638K, committed 640K, reserved 1048576K
Event: 0.099 GC heap after
Heap after GC invocations=1 (full 0):
 PSYoungGen      total 153088K, used 1024K [0x0000000715580000, 0x0000000720000000, 0x00000007c0000000)
  eden space 131584K, 0% used [0x0000000715580000,0x0000000715580000,0x000000071d600000)
  from space 21504K, 4% used [0x000000071d600000,0x000000071d700000,0x000000071eb00000)
  to   space 21504K, 0% used [0x000000071eb00000,0x000000071eb00000,0x0000000720000000)
 ParOldGen       total 349696K, used 8K [0x00000005c0000000, 0x00000005d5580000, 0x0000000715580000)
  object space 349696K, 0% used [0x00000005c0000000,0x00000005c0002000,0x00000005d5580000)
 Metaspace       used 4869K, capacity 5020K, committed 5248K, reserved 1056768K
  class space    used 558K, capacity 638K, committed 640K, reserved 1048576K
}
Event: 0.099 GC heap before
{Heap before GC invocations=2 (full 1):
 PSYoungGen      total 153088K, used 1024K [0x0000000715580000, 0x0000000720000000, 0x00000007c0000000)
  eden space 131584K, 0% used [0x0000000715580000,0x0000000715580000,0x000000071d600000)
  from space 21504K, 4% used [0x000000071d600000,0x000000071d700000,0x000000071eb00000)
  to   space 21504K, 0% used [0x000000071eb00000,0x000000071eb00000,0x0000000720000000)
 ParOldGen       total 349696K, used 8K [0x00000005c0000000, 0x00000005d5580000, 0x0000000715580000)
  object space 349696K, 0% used [0x00000005c0000000,0x00000005c0002000,0x00000005d5580000)
 Metaspace       used 4869K, capacity 5020K, committed 5248K, reserved 1056768K
  class space    used 558K, capacity 638K, committed 640K, reserved 1048576K
Event: 0.103 GC heap after
Heap after GC invocations=2 (full 1):
 PSYoungGen      total 153088K, used 0K [0x0000000715580000, 0x0000000720000000, 0x00000007c0000000)
  eden space 131584K, 0% used [0x0000000715580000,0x0000000715580000,0x000000071d600000)
  from space 21504K, 0% used [0x000000071d600000,0x000000071d600000,0x000000071eb00000)
  to   space 21504K, 0% used [0x000000071eb00000,0x000000071eb00000,0x0000000720000000)
 ParOldGen       total 349696K, used 883K [0x00000005c0000000, 0x00000005d5580000, 0x0000000715580000)
  object space 349696K, 0% used [0x00000005c0000000,0x00000005c00dcf30,0x00000005d5580000)
 Metaspace       used 4869K, capacity 5020K, committed 5248K, reserved 1056768K
  class space    used 558K, capacity 638K, committed 640K, reserved 1048576K
}

